This is pdfTeX, Version 3.14159265-2.6-1.40.18 (TeX Live 2017/Debian) (preloaded format=pdflatex 2019.10.24)  2 APR 2020 13:04
entering extended mode
 restricted \write18 enabled.
 %&-line parsing enabled.
**report_THGEM_v2.tex
(./report_THGEM_v2.tex
LaTeX2e <2017-04-15>
Babel <3.18> and hyphenation patterns for 5 language(s) loaded.
(/usr/share/texlive/texmf-dist/tex/latex/base/report.cls
Document Class: report 2014/09/29 v1.4h Standard LaTeX document class
(/usr/share/texlive/texmf-dist/tex/latex/base/size11.clo
File: size11.clo 2014/09/29 v1.4h Standard LaTeX file (size option)
)
\c@part=\count79
\c@chapter=\count80
\c@section=\count81
\c@subsection=\count82
\c@subsubsection=\count83
\c@paragraph=\count84
\c@subparagraph=\count85
\c@figure=\count86
\c@table=\count87
\abovecaptionskip=\skip41
\belowcaptionskip=\skip42
\bibindent=\dimen102
)
(/usr/share/texlive/texmf-dist/tex/latex/base/inputenc.sty
Package: inputenc 2015/03/17 v1.2c Input encoding file
\inpenc@prehook=\toks14
\inpenc@posthook=\toks15

(/usr/share/texlive/texmf-dist/tex/latex/base/latin1.def
File: latin1.def 2015/03/17 v1.2c Input encoding file
))
(/usr/share/texlive/texmf-dist/tex/generic/babel/babel.sty
Package: babel 2018/02/14 3.18 The Babel package

(/usr/share/texlive/texmf-dist/tex/generic/babel/switch.def
File: switch.def 2018/02/14 3.18 Babel switching mechanism
)
(/usr/share/texlive/texmf-dist/tex/generic/babel-english/english.ldf
Language: english 2017/06/06 v3.3r English support from the babel system

(/usr/share/texlive/texmf-dist/tex/generic/babel/babel.def
File: babel.def 2018/02/14 3.18 Babel common definitions
\babel@savecnt=\count88
\U@D=\dimen103

(/usr/share/texlive/texmf-dist/tex/generic/babel/txtbabel.def)
\bbl@dirlevel=\count89
)
\l@canadian = a dialect from \language\l@american 
\l@australian = a dialect from \language\l@british 
\l@newzealand = a dialect from \language\l@british 
))
(/usr/share/texlive/texmf-dist/tex/latex/tools/indentfirst.sty
Package: indentfirst 1995/11/23 v1.03 Indent first paragraph (DPC)
)
(/usr/share/texlive/texmf-dist/tex/latex/graphics/graphicx.sty
Package: graphicx 2017/06/01 v1.1a Enhanced LaTeX Graphics (DPC,SPQR)

(/usr/share/texlive/texmf-dist/tex/latex/graphics/keyval.sty
Package: keyval 2014/10/28 v1.15 key=value parser (DPC)
\KV@toks@=\toks16
)
(/usr/share/texlive/texmf-dist/tex/latex/graphics/graphics.sty
Package: graphics 2017/06/25 v1.2c Standard LaTeX Graphics (DPC,SPQR)

(/usr/share/texlive/texmf-dist/tex/latex/graphics/trig.sty
Package: trig 2016/01/03 v1.10 sin cos tan (DPC)
)
(/usr/share/texlive/texmf-dist/tex/latex/graphics-cfg/graphics.cfg
File: graphics.cfg 2016/06/04 v1.11 sample graphics configuration
)
Package graphics Info: Driver file: pdftex.def on input line 99.

(/usr/share/texlive/texmf-dist/tex/latex/graphics-def/pdftex.def
File: pdftex.def 2018/01/08 v1.0l Graphics/color driver for pdftex
))
\Gin@req@height=\dimen104
\Gin@req@width=\dimen105
)
(/usr/share/texlive/texmf-dist/tex/latex/subfigure/subfigure.sty
Package: subfigure 2002/03/15 v2.1.5 subfigure package
\subfigtopskip=\skip43
\subfigcapskip=\skip44
\subfigcaptopadj=\dimen106
\subfigbottomskip=\skip45
\subfigcapmargin=\dimen107
\subfiglabelskip=\skip46
\c@subfigure=\count90
\c@lofdepth=\count91
\c@subtable=\count92
\c@lotdepth=\count93

****************************************
* Local config file subfigure.cfg used *
****************************************
(/usr/share/texlive/texmf-dist/tex/latex/subfigure/subfigure.cfg)
\subfig@top=\skip47
\subfig@bottom=\skip48
)
(/usr/share/texlive/texmf-dist/tex/latex/mathtools/mathtools.sty
Package: mathtools 2018/01/08 v1.21 mathematical typesetting tools

(/usr/share/texlive/texmf-dist/tex/latex/tools/calc.sty
Package: calc 2014/10/28 v4.3 Infix arithmetic (KKT,FJ)
\calc@Acount=\count94
\calc@Bcount=\count95
\calc@Adimen=\dimen108
\calc@Bdimen=\dimen109
\calc@Askip=\skip49
\calc@Bskip=\skip50
LaTeX Info: Redefining \setlength on input line 80.
LaTeX Info: Redefining \addtolength on input line 81.
\calc@Ccount=\count96
\calc@Cskip=\skip51
)
(/usr/share/texlive/texmf-dist/tex/latex/mathtools/mhsetup.sty
Package: mhsetup 2017/03/31 v1.3 programming setup (MH)
)
(/usr/share/texlive/texmf-dist/tex/latex/amsmath/amsmath.sty
Package: amsmath 2017/09/02 v2.17a AMS math features
\@mathmargin=\skip52

For additional information on amsmath, use the `?' option.
(/usr/share/texlive/texmf-dist/tex/latex/amsmath/amstext.sty
Package: amstext 2000/06/29 v2.01 AMS text

(/usr/share/texlive/texmf-dist/tex/latex/amsmath/amsgen.sty
File: amsgen.sty 1999/11/30 v2.0 generic functions
\@emptytoks=\toks17
\ex@=\dimen110
))
(/usr/share/texlive/texmf-dist/tex/latex/amsmath/amsbsy.sty
Package: amsbsy 1999/11/29 v1.2d Bold Symbols
\pmbraise@=\dimen111
)
(/usr/share/texlive/texmf-dist/tex/latex/amsmath/amsopn.sty
Package: amsopn 2016/03/08 v2.02 operator names
)
\inf@bad=\count97
LaTeX Info: Redefining \frac on input line 213.
\uproot@=\count98
\leftroot@=\count99
LaTeX Info: Redefining \overline on input line 375.
\classnum@=\count100
\DOTSCASE@=\count101
LaTeX Info: Redefining \ldots on input line 472.
LaTeX Info: Redefining \dots on input line 475.
LaTeX Info: Redefining \cdots on input line 596.
\Mathstrutbox@=\box26
\strutbox@=\box27
\big@size=\dimen112
LaTeX Font Info:    Redeclaring font encoding OML on input line 712.
LaTeX Font Info:    Redeclaring font encoding OMS on input line 713.
\macc@depth=\count102
\c@MaxMatrixCols=\count103
\dotsspace@=\muskip10
\c@parentequation=\count104
\dspbrk@lvl=\count105
\tag@help=\toks18
\row@=\count106
\column@=\count107
\maxfields@=\count108
\andhelp@=\toks19
\eqnshift@=\dimen113
\alignsep@=\dimen114
\tagshift@=\dimen115
\tagwidth@=\dimen116
\totwidth@=\dimen117
\lineht@=\dimen118
\@envbody=\toks20
\multlinegap=\skip53
\multlinetaggap=\skip54
\mathdisplay@stack=\toks21
LaTeX Info: Redefining \[ on input line 2817.
LaTeX Info: Redefining \] on input line 2818.
)
LaTeX Info: Thecontrolsequence`\('isalreadyrobust on input line 129.
LaTeX Info: Thecontrolsequence`\)'isalreadyrobust on input line 129.
LaTeX Info: Thecontrolsequence`\['isalreadyrobust on input line 129.
LaTeX Info: Thecontrolsequence`\]'isalreadyrobust on input line 129.
\g_MT_multlinerow_int=\count109
\l_MT_multwidth_dim=\dimen119
\origjot=\skip55
\l_MT_shortvdotswithinadjustabove_dim=\dimen120
\l_MT_shortvdotswithinadjustbelow_dim=\dimen121
\l_MT_above_intertext_sep=\dimen122
\l_MT_below_intertext_sep=\dimen123
\l_MT_above_shortintertext_sep=\dimen124
\l_MT_below_shortintertext_sep=\dimen125
)
(./IEEEtrantools.sty
Package: IEEEtrantools 2015/08/26 V1.5 by Michael Shell

-- See the "IEEEtrantools_doc.txt" manual for usage information.
-- http://www.michaelshell.org/tex/ieeetran/tools/
\@IEEEtrantmpdimenA=\dimen126
\@IEEEtrantmpdimenB=\dimen127
\@IEEEtrantmpdimenC=\dimen128
\@IEEEtrantmpcountA=\count110
\@IEEEtrantmpcountB=\count111
\@IEEEtrantmpcountC=\count112
\@IEEEtrantmptoksA=\toks22
\IEEEnormaljot=\dimen129
\IEEEquantizedlength=\dimen130
\IEEEquantizedlengthdiff=\dimen131
\IEEEquantizedtextheightdiff=\dimen132
\IEEEilabelindentA=\dimen133
\IEEEilabelindentB=\dimen134
\IEEEilabelindent=\dimen135
\IEEEelabelindent=\dimen136
\IEEEdlabelindent=\dimen137
\IEEElabelindent=\dimen138
\IEEEiednormlabelsep=\dimen139
\IEEEiedmathlabelsep=\dimen140
\IEEEiedtopsep=\skip56
\c@IEEEsubequation=\count113
\@IEEEeqnnumcols=\count114
\@IEEEeqncolcnt=\count115
\@IEEEsubeqnnumrollback=\count116
\IEEEPARstartletwidth=\dimen141
) (/usr/share/texlive/texmf-dist/tex/latex/multirow/multirow.sty
Package: multirow 2016/11/25 v2.2 Span multiple rows of a table
\multirow@colwidth=\skip57
\multirow@cntb=\count117
\multirow@dima=\skip58
\bigstrutjot=\dimen142
)
(/usr/share/texlive/texmf-dist/tex/latex/tools/array.sty
Package: array 2016/10/06 v2.4d Tabular extension package (FMi)
\col@sep=\dimen143
\extrarowheight=\dimen144
\NC@list=\toks23
\extratabsurround=\skip59
\backup@length=\skip60
)
(/usr/share/texlive/texmf-dist/tex/latex/booktabs/booktabs.sty
Package: booktabs 2016/04/27 v1.618033 publication quality tables
\heavyrulewidth=\dimen145
\lightrulewidth=\dimen146
\cmidrulewidth=\dimen147
\belowrulesep=\dimen148
\belowbottomsep=\dimen149
\aboverulesep=\dimen150
\abovetopsep=\dimen151
\cmidrulesep=\dimen152
\cmidrulekern=\dimen153
\defaultaddspace=\dimen154
\@cmidla=\count118
\@cmidlb=\count119
\@aboverulesep=\dimen155
\@belowrulesep=\dimen156
\@thisruleclass=\count120
\@lastruleclass=\count121
\@thisrulewidth=\dimen157
)
(/usr/share/texlive/texmf-dist/tex/latex/caption/caption.sty
Package: caption 2016/02/21 v3.3-144 Customizing captions (AR)

(/usr/share/texlive/texmf-dist/tex/latex/caption/caption3.sty
Package: caption3 2016/05/22 v1.7-166 caption3 kernel (AR)
Package caption3 Info: TeX engine: e-TeX on input line 67.
\captionmargin=\dimen158
\captionmargin@=\dimen159
\captionwidth=\dimen160
\caption@tempdima=\dimen161
\caption@indent=\dimen162
\caption@parindent=\dimen163
\caption@hangindent=\dimen164
)
\c@ContinuedFloat=\count122
Package caption Info: subfigure package is loaded.
)
(/usr/share/texlive/texmf-dist/tex/latex/hyperref/hyperref.sty
Package: hyperref 2018/02/06 v6.86b Hypertext links for LaTeX

(/usr/share/texlive/texmf-dist/tex/generic/oberdiek/hobsub-hyperref.sty
Package: hobsub-hyperref 2016/05/16 v1.14 Bundle oberdiek, subset hyperref (HO)


(/usr/share/texlive/texmf-dist/tex/generic/oberdiek/hobsub-generic.sty
Package: hobsub-generic 2016/05/16 v1.14 Bundle oberdiek, subset generic (HO)
Package: hobsub 2016/05/16 v1.14 Construct package bundles (HO)
Package: infwarerr 2016/05/16 v1.4 Providing info/warning/error messages (HO)
Package: ltxcmds 2016/05/16 v1.23 LaTeX kernel commands for general use (HO)
Package: ifluatex 2016/05/16 v1.4 Provides the ifluatex switch (HO)
Package ifluatex Info: LuaTeX not detected.
Package: ifvtex 2016/05/16 v1.6 Detect VTeX and its facilities (HO)
Package ifvtex Info: VTeX not detected.
Package: intcalc 2016/05/16 v1.2 Expandable calculations with integers (HO)
Package: ifpdf 2017/03/15 v3.2 Provides the ifpdf switch
Package: etexcmds 2016/05/16 v1.6 Avoid name clashes with e-TeX commands (HO)
Package etexcmds Info: Could not find \expanded.
(etexcmds)             That can mean that you are not using pdfTeX 1.50 or
(etexcmds)             that some package has redefined \expanded.
(etexcmds)             In the latter case, load this package earlier.
Package: kvsetkeys 2016/05/16 v1.17 Key value parser (HO)
Package: kvdefinekeys 2016/05/16 v1.4 Define keys (HO)
Package: pdftexcmds 2018/01/21 v0.26 Utility functions of pdfTeX for LuaTeX (HO
)
Package pdftexcmds Info: LuaTeX not detected.
Package pdftexcmds Info: \pdf@primitive is available.
Package pdftexcmds Info: \pdf@ifprimitive is available.
Package pdftexcmds Info: \pdfdraftmode found.
Package: pdfescape 2016/05/16 v1.14 Implements pdfTeX's escape features (HO)
Package: bigintcalc 2016/05/16 v1.4 Expandable calculations on big integers (HO
)
Package: bitset 2016/05/16 v1.2 Handle bit-vector datatype (HO)
Package: uniquecounter 2016/05/16 v1.3 Provide unlimited unique counter (HO)
)
Package hobsub Info: Skipping package `hobsub' (already loaded).
Package: letltxmacro 2016/05/16 v1.5 Let assignment for LaTeX macros (HO)
Package: hopatch 2016/05/16 v1.3 Wrapper for package hooks (HO)
Package: xcolor-patch 2016/05/16 xcolor patch
Package: atveryend 2016/05/16 v1.9 Hooks at the very end of document (HO)
Package atveryend Info: \enddocument detected (standard20110627).
Package: atbegshi 2016/06/09 v1.18 At begin shipout hook (HO)
Package: refcount 2016/05/16 v3.5 Data extraction from label references (HO)
Package: hycolor 2016/05/16 v1.8 Color options for hyperref/bookmark (HO)
)
(/usr/share/texlive/texmf-dist/tex/generic/ifxetex/ifxetex.sty
Package: ifxetex 2010/09/12 v0.6 Provides ifxetex conditional
)
(/usr/share/texlive/texmf-dist/tex/latex/oberdiek/auxhook.sty
Package: auxhook 2016/05/16 v1.4 Hooks for auxiliary files (HO)
)
(/usr/share/texlive/texmf-dist/tex/latex/oberdiek/kvoptions.sty
Package: kvoptions 2016/05/16 v3.12 Key value format for package options (HO)
)
\@linkdim=\dimen165
\Hy@linkcounter=\count123
\Hy@pagecounter=\count124

(/usr/share/texlive/texmf-dist/tex/latex/hyperref/pd1enc.def
File: pd1enc.def 2018/02/06 v6.86b Hyperref: PDFDocEncoding definition (HO)
)
\Hy@SavedSpaceFactor=\count125

(/usr/share/texlive/texmf-dist/tex/latex/latexconfig/hyperref.cfg
File: hyperref.cfg 2002/06/06 v1.2 hyperref configuration of TeXLive
)
Package hyperref Info: Option `bookmarks' set `true' on input line 4383.
Package hyperref Info: Option `hyperfootnotes' set `false' on input line 4383.
Package hyperref Info: Hyper figures OFF on input line 4509.
Package hyperref Info: Link nesting OFF on input line 4514.
Package hyperref Info: Hyper index ON on input line 4517.
Package hyperref Info: Plain pages OFF on input line 4524.
Package hyperref Info: Backreferencing OFF on input line 4529.
Package hyperref Info: Implicit mode ON; LaTeX internals redefined.
Package hyperref Info: Bookmarks ON on input line 4762.
\c@Hy@tempcnt=\count126

(/usr/share/texlive/texmf-dist/tex/latex/url/url.sty
\Urlmuskip=\muskip11
Package: url 2013/09/16  ver 3.4  Verb mode for urls, etc.
)
LaTeX Info: Redefining \url on input line 5115.
\XeTeXLinkMargin=\dimen166
\Fld@menulength=\count127
\Field@Width=\dimen167
\Fld@charsize=\dimen168
Package hyperref Info: Hyper figures OFF on input line 6369.
Package hyperref Info: Link nesting OFF on input line 6374.
Package hyperref Info: Hyper index ON on input line 6377.
Package hyperref Info: backreferencing OFF on input line 6384.
Package hyperref Info: Link coloring OFF on input line 6389.
Package hyperref Info: Link coloring with OCG OFF on input line 6394.
Package hyperref Info: PDF/A mode OFF on input line 6399.
LaTeX Info: Redefining \ref on input line 6439.
LaTeX Info: Redefining \pageref on input line 6443.
\Hy@abspage=\count128
\c@Item=\count129
)
Package hyperref Info: Driver (autodetected): hpdftex.

(/usr/share/texlive/texmf-dist/tex/latex/hyperref/hpdftex.def
File: hpdftex.def 2018/02/06 v6.86b Hyperref driver for pdfTeX
\Fld@listcount=\count130
\c@bookmark@seq@number=\count131

(/usr/share/texlive/texmf-dist/tex/latex/oberdiek/rerunfilecheck.sty
Package: rerunfilecheck 2016/05/16 v1.8 Rerun checks for auxiliary files (HO)
Package uniquecounter Info: New unique counter `rerunfilecheck' on input line 2
82.
)
\Hy@SectionHShift=\skip61
)
Package hyperref Info: Option `colorlinks' set `true' on input line 26.

(./report_THGEM_v2.aux

LaTeX Warning: Label `fig:induction_FULLTHGEM_other_pressure' multiply defined.



LaTeX Warning: Label `fig:induction_FULLTHGEM_other_pressure' multiply defined.



LaTeX Warning: Label `fig:ion_backflow_FULLandROW' multiply defined.


LaTeX Warning: Label `fig:MF_ALL_beam' multiply defined.

)
\openout1 = `report_THGEM_v2.aux'.

LaTeX Font Info:    Checking defaults for OML/cmm/m/it on input line 42.
LaTeX Font Info:    ... okay on input line 42.
LaTeX Font Info:    Checking defaults for T1/cmr/m/n on input line 42.
LaTeX Font Info:    ... okay on input line 42.
LaTeX Font Info:    Checking defaults for OT1/cmr/m/n on input line 42.
LaTeX Font Info:    ... okay on input line 42.
LaTeX Font Info:    Checking defaults for OMS/cmsy/m/n on input line 42.
LaTeX Font Info:    ... okay on input line 42.
LaTeX Font Info:    Checking defaults for OMX/cmex/m/n on input line 42.
LaTeX Font Info:    ... okay on input line 42.
LaTeX Font Info:    Checking defaults for U/cmr/m/n on input line 42.
LaTeX Font Info:    ... okay on input line 42.
LaTeX Font Info:    Checking defaults for PD1/pdf/m/n on input line 42.
LaTeX Font Info:    ... okay on input line 42.
 (/usr/share/texlive/texmf-dist/tex/context/base/mkii/supp-pdf.mkii
[Loading MPS to PDF converter (version 2006.09.02).]
\scratchcounter=\count132
\scratchdimen=\dimen169
\scratchbox=\box28
\nofMPsegments=\count133
\nofMParguments=\count134
\everyMPshowfont=\toks24
\MPscratchCnt=\count135
\MPscratchDim=\dimen170
\MPnumerator=\count136
\makeMPintoPDFobject=\count137
\everyMPtoPDFconversion=\toks25
) (/usr/share/texlive/texmf-dist/tex/latex/oberdiek/epstopdf-base.sty
Package: epstopdf-base 2016/05/15 v2.6 Base part for package epstopdf

(/usr/share/texlive/texmf-dist/tex/latex/oberdiek/grfext.sty
Package: grfext 2016/05/16 v1.2 Manage graphics extensions (HO)
)
Package epstopdf-base Info: Redefining graphics rule for `.eps' on input line 4
38.
Package grfext Info: Graphics extension search list:
(grfext)             [.pdf,.png,.jpg,.mps,.jpeg,.jbig2,.jb2,.PDF,.PNG,.JPG,.JPE
G,.JBIG2,.JB2,.eps]
(grfext)             \AppendGraphicsExtensions on input line 456.

(/usr/share/texlive/texmf-dist/tex/latex/latexconfig/epstopdf-sys.cfg
File: epstopdf-sys.cfg 2010/07/13 v1.3 Configuration of (r)epstopdf for TeX Liv
e
))
Package caption Info: Begin \AtBeginDocument code.
Package caption Info: hyperref package is loaded.
Package caption Info: End \AtBeginDocument code.
\AtBeginShipoutBox=\box29

(/usr/share/texlive/texmf-dist/tex/latex/graphics/color.sty
Package: color 2016/07/10 v1.1e Standard LaTeX Color (DPC)

(/usr/share/texlive/texmf-dist/tex/latex/graphics-cfg/color.cfg
File: color.cfg 2016/01/02 v1.6 sample color configuration
)
Package color Info: Driver file: pdftex.def on input line 147.
)
Package hyperref Info: Link coloring ON on input line 42.

(/usr/share/texlive/texmf-dist/tex/latex/hyperref/nameref.sty
Package: nameref 2016/05/21 v2.44 Cross-referencing by name of section

(/usr/share/texlive/texmf-dist/tex/generic/oberdiek/gettitlestring.sty
Package: gettitlestring 2016/05/16 v1.5 Cleanup title references (HO)
)
\c@section@level=\count138
)
LaTeX Info: Redefining \ref on input line 42.
LaTeX Info: Redefining \pageref on input line 42.
LaTeX Info: Redefining \nameref on input line 42.

(./report_THGEM_v2.out) (./report_THGEM_v2.out)
\@outlinefile=\write3
\openout3 = `report_THGEM_v2.out'.

 [1

{/var/lib/texmf/fonts/map/pdftex/updmap/pdftex.map}]pdfTeX warning (ext4): dest
ination with the same identifier (name{page.1}) has been already used, duplicat
e ignored
<to be read again> 
                   \relax 
l.52 \chapter
             {Experimental setup} [1]
Chapter 1.
<Immagini/TeBe_scheme.jpg, id=93, 787.2612pt x 542.025pt>
File: Immagini/TeBe_scheme.jpg Graphic file (type jpg)
<use Immagini/TeBe_scheme.jpg>
Package pdftex.def Info: Immagini/TeBe_scheme.jpg  used on input line 58.
(pdftex.def)             Requested size: 323.9978pt x 223.06702pt.

Underfull \hbox (badness 10000) in paragraph at lines 54--67

 []


Underfull \hbox (badness 10000) in paragraph at lines 70--75

 []


Underfull \hbox (badness 10000) in paragraph at lines 76--82

 []


Underfull \hbox (badness 10000) in paragraph at lines 83--85

 []

[2

]
<Immagini/schema_apparato_2.png, id=107, 660.4675pt x 517.935pt>
File: Immagini/schema_apparato_2.png Graphic file (type png)
<use Immagini/schema_apparato_2.png>
Package pdftex.def Info: Immagini/schema_apparato_2.png  used on input line 118
.
(pdftex.def)             Requested size: 323.9978pt x 254.08276pt.
<Immagini/THGEMScheme.pdf, id=109, 396.7623pt x 231.9867pt>
File: Immagini/THGEMScheme.pdf Graphic file (type pdf)
<use Immagini/THGEMScheme.pdf>
Package pdftex.def Info: Immagini/THGEMScheme.pdf  used on input line 124.
(pdftex.def)             Requested size: 251.9989pt x 147.3453pt.
 [3 <./Immagini/TeBe_scheme.jpg>]

LaTeX Warning: `!h' float specifier changed to `!ht'.

<Immagini/full_thgem.JPG, id=119, 1098.504pt x 1098.504pt>
File: Immagini/full_thgem.JPG Graphic file (type jpg)
<use Immagini/full_thgem.JPG>
Package pdftex.def Info: Immagini/full_thgem.JPG  used on input line 172.
(pdftex.def)             Requested size: 161.9989pt x 161.98602pt.
<Immagini/row_thgem.JPG, id=120, 1098.504pt x 1098.504pt>
File: Immagini/row_thgem.JPG Graphic file (type jpg)
<use Immagini/row_thgem.JPG>
Package pdftex.def Info: Immagini/row_thgem.JPG  used on input line 176.
(pdftex.def)             Requested size: 161.9989pt x 161.98602pt.
<Immagini/full_thgem_holes.JPG, id=121, 417.56pt x 285.065pt>
File: Immagini/full_thgem_holes.JPG Graphic file (type jpg)
<use Immagini/full_thgem_holes.JPG>
Package pdftex.def Info: Immagini/full_thgem_holes.JPG  used on input line 184.

(pdftex.def)             Requested size: 161.9989pt x 110.59637pt.
<Immagini/row_thgem_holes.JPG, id=122, 642.4pt x 481.8pt>
File: Immagini/row_thgem_holes.JPG Graphic file (type jpg)
<use Immagini/row_thgem_holes.JPG>
Package pdftex.def Info: Immagini/row_thgem_holes.JPG  used on input line 188.
(pdftex.def)             Requested size: 161.9989pt x 121.49364pt.
<Immagini/THGEM_Bias.pdf, id=125, 425.1885pt x 348.34142pt>
File: Immagini/THGEM_Bias.pdf Graphic file (type pdf)
<use Immagini/THGEM_Bias.pdf>
Package pdftex.def Info: Immagini/THGEM_Bias.pdf  used on input line 206.
(pdftex.def)             Requested size: 288.0011pt x 235.96542pt.
<Immagini/THGEM_Bias_2.pdf, id=126, 397.485pt x 369.5406pt>
File: Immagini/THGEM_Bias_2.pdf Graphic file (type pdf)
<use Immagini/THGEM_Bias_2.pdf>
Package pdftex.def Info: Immagini/THGEM_Bias_2.pdf  used on input line 209.
(pdftex.def)             Requested size: 288.0011pt x 267.76064pt.

Underfull \hbox (badness 10000) in paragraph at lines 196--225

 []

[4 <./Immagini/schema_apparato_2.png>] [5 <./Immagini/THGEMScheme.pdf> <./Immag
ini/full_thgem.JPG> <./Immagini/row_thgem.JPG> <./Immagini/full_thgem_holes.JPG
> <./Immagini/row_thgem_holes.JPG>]
<Immagini/schema_canali_2.pdf, id=153, 597.50786pt x 845.04686pt>
File: Immagini/schema_canali_2.pdf Graphic file (type pdf)
<use Immagini/schema_canali_2.pdf>
Package pdftex.def Info: Immagini/schema_canali_2.pdf  used on input line 237.
(pdftex.def)             Requested size: 180.0pt x 254.57335pt.
<Immagini/run190_CAEN_pico.pdf, id=154, 845.04686pt x 597.50786pt>
File: Immagini/run190_CAEN_pico.pdf Graphic file (type pdf)
<use Immagini/run190_CAEN_pico.pdf>
Package pdftex.def Info: Immagini/run190_CAEN_pico.pdf  used on input line 243.

(pdftex.def)             Requested size: 251.9989pt x 178.1779pt.
 [6]

LaTeX Warning: Reference `Immagini/THGEM_Bias_2.pdf' on page 7 undefined on inp
ut line 255.


Underfull \hbox (badness 10000) in paragraph at lines 250--257

 []


Underfull \hbox (badness 10000) in paragraph at lines 258--276

 []

[7] [8 <./Immagini/THGEM_Bias.pdf> <./Immagini/THGEM_Bias_2.pdf

pdfTeX warning: pdflatex (file ./Immagini/THGEM_Bias_2.pdf): PDF inclusion: mul
tiple pdfs with page group included in a single page
>] [9 <./Immagini/schema_canali_2.pdf> <./Immagini/run190_CAEN_pico.pdf>]
Chapter 2.

Package hyperref Warning: Token not allowed in a PDF string (PDFDocEncoding):
(hyperref)                removing `math shift' on input line 293.


Package hyperref Warning: Token not allowed in a PDF string (PDFDocEncoding):
(hyperref)                removing `\alpha' on input line 293.


Package hyperref Warning: Token not allowed in a PDF string (PDFDocEncoding):
(hyperref)                removing `math shift' on input line 293.


Underfull \hbox (badness 10000) in paragraph at lines 300--326

 []

<Immagini/inductionScan_THGEM10_30mbar.pdf, id=251, 569.12625pt x 388.45125pt>
File: Immagini/inductionScan_THGEM10_30mbar.pdf Graphic file (type pdf)
<use Immagini/inductionScan_THGEM10_30mbar.pdf>
Package pdftex.def Info: Immagini/inductionScan_THGEM10_30mbar.pdf  used on inp
ut line 332.
(pdftex.def)             Requested size: 360.0pt x 245.72728pt.

Underfull \hbox (badness 10000) in paragraph at lines 327--350

 []

[10


] [11 <./Immagini/inductionScan_THGEM10_30mbar.pdf, page is rotated 90 degrees>
]
<Immagini/inductionScan_THGEM10_30mbar_bis.pdf, id=312, 569.12625pt x 388.45125
pt>
File: Immagini/inductionScan_THGEM10_30mbar_bis.pdf Graphic file (type pdf)
<use Immagini/inductionScan_THGEM10_30mbar_bis.pdf>
Package pdftex.def Info: Immagini/inductionScan_THGEM10_30mbar_bis.pdf  used on
 input line 363.
(pdftex.def)             Requested size: 345.60242pt x 235.89984pt.
<Immagini/inductionScan_THGEM10_30mbar_tris.pdf, id=313, 569.12625pt x 388.4512
5pt>
File: Immagini/inductionScan_THGEM10_30mbar_tris.pdf Graphic file (type pdf)
<use Immagini/inductionScan_THGEM10_30mbar_tris.pdf>
Package pdftex.def Info: Immagini/inductionScan_THGEM10_30mbar_tris.pdf  used o
n input line 366.
(pdftex.def)             Requested size: 345.60242pt x 235.89984pt.
<Immagini/inductionScan_THGEM10_20mbar.pdf, id=314, 569.12625pt x 386.44376pt>
File: Immagini/inductionScan_THGEM10_20mbar.pdf Graphic file (type pdf)
<use Immagini/inductionScan_THGEM10_20mbar.pdf>
Package pdftex.def Info: Immagini/inductionScan_THGEM10_20mbar.pdf  used on inp
ut line 377.
(pdftex.def)             Requested size: 349.20044pt x 237.12195pt.
<Immagini/InductionScan_THGEM10_10mbar_tris.pdf, id=315, 569.12625pt x 388.4512
5pt>
File: Immagini/InductionScan_THGEM10_10mbar_tris.pdf Graphic file (type pdf)
<use Immagini/InductionScan_THGEM10_10mbar_tris.pdf>
Package pdftex.def Info: Immagini/InductionScan_THGEM10_10mbar_tris.pdf  used o
n input line 380.
(pdftex.def)             Requested size: 349.20044pt x 238.35374pt.


LaTeX Warning: Reference `fig:induction_pressure_comp' on page 12 undefined on 
input line 388.

<Immagini/InductionScan_FULL_AnodeComp_2.pdf, id=316, 569.12625pt x 384.43625pt
>
File: Immagini/InductionScan_FULL_AnodeComp_2.pdf Graphic file (type pdf)
<use Immagini/InductionScan_FULL_AnodeComp_2.pdf>
Package pdftex.def Info: Immagini/InductionScan_FULL_AnodeComp_2.pdf  used on i
nput line 391.
(pdftex.def)             Requested size: 349.20044pt x 235.89014pt.
[12] [13 <./Immagini/inductionScan_THGEM10_30mbar_bis.pdf, page is rotated 90 d
egrees> <./Immagini/inductionScan_THGEM10_30mbar_tris.pdf, page is rotated 90 d
egrees>] [14 <./Immagini/inductionScan_THGEM10_20mbar.pdf, page is rotated 90 d
egrees> <./Immagini/InductionScan_THGEM10_10mbar_tris.pdf, page is rotated 90 d
egrees>] [15 <./Immagini/InductionScan_FULL_AnodeComp_2.pdf, page is rotated 90
 degrees>]
<Immagini/thgemScan_THGEM10_30mbar.pdf, id=560, 569.12625pt x 388.45125pt>
File: Immagini/thgemScan_THGEM10_30mbar.pdf Graphic file (type pdf)
<use Immagini/thgemScan_THGEM10_30mbar.pdf>
Package pdftex.def Info: Immagini/thgemScan_THGEM10_30mbar.pdf  used on input l
ine 427.
(pdftex.def)             Requested size: 360.0pt x 245.72728pt.
<Immagini/thgemScan_THGEM10_20mbar.pdf, id=561, 569.12625pt x 388.45125pt>
File: Immagini/thgemScan_THGEM10_20mbar.pdf Graphic file (type pdf)
<use Immagini/thgemScan_THGEM10_20mbar.pdf>
Package pdftex.def Info: Immagini/thgemScan_THGEM10_20mbar.pdf  used on input l
ine 437.
(pdftex.def)             Requested size: 345.60242pt x 235.89984pt.
<Immagini/thgemScan_THGEM10_10mbar.pdf, id=562, 569.12625pt x 388.45125pt>
File: Immagini/thgemScan_THGEM10_10mbar.pdf Graphic file (type pdf)
<use Immagini/thgemScan_THGEM10_10mbar.pdf>
Package pdftex.def Info: Immagini/thgemScan_THGEM10_10mbar.pdf  used on input l
ine 440.
(pdftex.def)             Requested size: 345.60242pt x 235.89984pt.
<Immagini/MF_FULL_THGEM_noBeam.pdf, id=564, 569.12625pt x 384.43625pt>
File: Immagini/MF_FULL_THGEM_noBeam.pdf Graphic file (type pdf)
<use Immagini/MF_FULL_THGEM_noBeam.pdf>
Package pdftex.def Info: Immagini/MF_FULL_THGEM_noBeam.pdf  used on input line 
462.
(pdftex.def)             Requested size: 360.0pt x 243.18747pt.
 [16

] [17 <./Immagini/thgemScan_THGEM10_30mbar.pdf, page is rotated 90 degrees>] [1
8 <./Immagini/thgemScan_THGEM10_20mbar.pdf, page is rotated 90 degrees> <./Imma
gini/thgemScan_THGEM10_10mbar.pdf, page is rotated 90 degrees>]
[19 <./Immagini/MF_FULL_THGEM_noBeam.pdf, page is rotated 90 degrees>]
<Immagini/driftScan_FULL_30mbar_r40-60.pdf, id=764, 569.12625pt x 384.43625pt>
File: Immagini/driftScan_FULL_30mbar_r40-60.pdf Graphic file (type pdf)
<use Immagini/driftScan_FULL_30mbar_r40-60.pdf>
Package pdftex.def Info: Immagini/driftScan_FULL_30mbar_r40-60.pdf  used on inp
ut line 517.
(pdftex.def)             Requested size: 360.0pt x 243.18747pt.
<Immagini/driftScan_FULL_30mbar_r40-60_zoom1.pdf, id=765, 569.12625pt x 384.436
25pt>
File: Immagini/driftScan_FULL_30mbar_r40-60_zoom1.pdf Graphic file (type pdf)
<use Immagini/driftScan_FULL_30mbar_r40-60_zoom1.pdf>
Package pdftex.def Info: Immagini/driftScan_FULL_30mbar_r40-60_zoom1.pdf  used 
on input line 523.
(pdftex.def)             Requested size: 360.0pt x 243.18747pt.
<Immagini/driftScan_THGEM10_20mbar.pdf, id=771, 569.12625pt x 388.45125pt>
File: Immagini/driftScan_THGEM10_20mbar.pdf Graphic file (type pdf)
<use Immagini/driftScan_THGEM10_20mbar.pdf>
Package pdftex.def Info: Immagini/driftScan_THGEM10_20mbar.pdf  used on input l
ine 535.
(pdftex.def)             Requested size: 345.60242pt x 235.89984pt.
<Immagini/driftScan_THGEM10_10mbar.pdf, id=772, 569.12625pt x 388.45125pt>
File: Immagini/driftScan_THGEM10_10mbar.pdf Graphic file (type pdf)
<use Immagini/driftScan_THGEM10_10mbar.pdf>
Package pdftex.def Info: Immagini/driftScan_THGEM10_10mbar.pdf  used on input l
ine 537.
(pdftex.def)             Requested size: 345.60242pt x 235.89984pt.
 [20

]
[21 <./Immagini/driftScan_FULL_30mbar_r40-60.pdf, page is rotated 90 degrees> <
./Immagini/driftScan_FULL_30mbar_r40-60_zoom1.pdf, page is rotated 90 degrees>]

LaTeX Warning: Text page 22 contains only floats.


Overfull \vbox (16.89946pt too high) has occurred while \output is active []


[22 <./Immagini/driftScan_THGEM10_20mbar.pdf, page is rotated 90 degrees> <./Im
magini/driftScan_THGEM10_10mbar.pdf, page is rotated 90 degrees>]
<Immagini/IBF_FULL_Comparison_nobeam.pdf, id=968, 569.12625pt x 384.43625pt>
File: Immagini/IBF_FULL_Comparison_nobeam.pdf Graphic file (type pdf)
<use Immagini/IBF_FULL_Comparison_nobeam.pdf>
Package pdftex.def Info: Immagini/IBF_FULL_Comparison_nobeam.pdf  used on input
 line 553.
(pdftex.def)             Requested size: 360.0pt x 243.18747pt.
<Immagini/IBF_FULL_Comparison_nobeam_F.pdf, id=969, 569.12625pt x 384.43625pt>
File: Immagini/IBF_FULL_Comparison_nobeam_F.pdf Graphic file (type pdf)
<use Immagini/IBF_FULL_Comparison_nobeam_F.pdf>
Package pdftex.def Info: Immagini/IBF_FULL_Comparison_nobeam_F.pdf  used on inp
ut line 559.
(pdftex.def)             Requested size: 360.0pt x 243.18747pt.
 [23 <./Immagini/IBF_FULL_Comparison_nobeam.pdf, page is rotated 90 degrees>] [
24 <./Immagini/IBF_FULL_Comparison_nobeam_F.pdf, page is rotated 90 degrees>]
<Immagini/InductionScan_ROW_THGEM_20mbar.pdf, id=1073, 569.12625pt x 388.45125p
t>
File: Immagini/InductionScan_ROW_THGEM_20mbar.pdf Graphic file (type pdf)
<use Immagini/InductionScan_ROW_THGEM_20mbar.pdf>
Package pdftex.def Info: Immagini/InductionScan_ROW_THGEM_20mbar.pdf  used on i
nput line 608.
(pdftex.def)             Requested size: 345.60242pt x 235.89984pt.
<Immagini/InductionScan_ROW_THGEM_20mbar_bis.pdf, id=1074, 569.12625pt x 386.44
376pt>
File: Immagini/InductionScan_ROW_THGEM_20mbar_bis.pdf Graphic file (type pdf)
<use Immagini/InductionScan_ROW_THGEM_20mbar_bis.pdf>
Package pdftex.def Info: Immagini/InductionScan_ROW_THGEM_20mbar_bis.pdf  used 
on input line 610.
(pdftex.def)             Requested size: 345.60242pt x 234.68074pt.
<Immagini/InductionScan_ROW_THGEM_30mbar.pdf, id=1077, 569.12625pt x 388.45125p
t>
File: Immagini/InductionScan_ROW_THGEM_30mbar.pdf Graphic file (type pdf)
<use Immagini/InductionScan_ROW_THGEM_30mbar.pdf>
Package pdftex.def Info: Immagini/InductionScan_ROW_THGEM_30mbar.pdf  used on i
nput line 623.
(pdftex.def)             Requested size: 345.60242pt x 235.89984pt.
<Immagini/InductionScan_ROW_THGEM_40mbar.pdf, id=1078, 569.12625pt x 386.44376p
t>
File: Immagini/InductionScan_ROW_THGEM_40mbar.pdf Graphic file (type pdf)
<use Immagini/InductionScan_ROW_THGEM_40mbar.pdf>
Package pdftex.def Info: Immagini/InductionScan_ROW_THGEM_40mbar.pdf  used on i
nput line 624.
(pdftex.def)             Requested size: 345.60242pt x 234.68074pt.
 [25

]

LaTeX Warning: Text page 26 contains only floats.


Overfull \vbox (0.28033pt too high) has occurred while \output is active []


[26 <./Immagini/InductionScan_ROW_THGEM_20mbar.pdf, page is rotated 90 degrees>
 <./Immagini/InductionScan_ROW_THGEM_20mbar_bis.pdf, page is rotated 90 degrees
>]

LaTeX Warning: Text page 27 contains only floats.

[27 <./Immagini/InductionScan_ROW_THGEM_30mbar.pdf, page is rotated 90 degrees>
 <./Immagini/InductionScan_ROW_THGEM_40mbar.pdf, page is rotated 90 degrees>]
Overfull \hbox (13.3279pt too wide) in paragraph at lines 638--650
 [] 
 []

<Immagini/thgemScan_ROW_THGEM_10mbar.pdf, id=1275, 569.12625pt x 386.44376pt>
File: Immagini/thgemScan_ROW_THGEM_10mbar.pdf Graphic file (type pdf)
<use Immagini/thgemScan_ROW_THGEM_10mbar.pdf>
Package pdftex.def Info: Immagini/thgemScan_ROW_THGEM_10mbar.pdf  used on input
 line 661.
(pdftex.def)             Requested size: 345.60242pt x 234.68074pt.
<Immagini/thgemScan_ROW_THGEM_30mbar_bis.pdf, id=1276, 569.12625pt x 386.44376p
t>
File: Immagini/thgemScan_ROW_THGEM_30mbar_bis.pdf Graphic file (type pdf)
<use Immagini/thgemScan_ROW_THGEM_30mbar_bis.pdf>
Package pdftex.def Info: Immagini/thgemScan_ROW_THGEM_30mbar_bis.pdf  used on i
nput line 663.
(pdftex.def)             Requested size: 345.60242pt x 234.68074pt.
<Immagini/MF_ROW_THGEM_noBeam.pdf, id=1278, 569.12625pt x 384.43625pt>
File: Immagini/MF_ROW_THGEM_noBeam.pdf Graphic file (type pdf)
<use Immagini/MF_ROW_THGEM_noBeam.pdf>
Package pdftex.def Info: Immagini/MF_ROW_THGEM_noBeam.pdf  used on input line 6
80.
(pdftex.def)             Requested size: 360.0pt x 243.18747pt.

Overfull \hbox (6.38025pt too wide) in paragraph at lines 669--687
[]\OT1/cmr/m/n/10.95 From these mea-sure-ments, the mul-ti-pli-ca-tion fac-tors
 of the ROW THGEM
 []

<Immagini/MF_ALL_THGEM_noBeam.pdf, id=1280, 569.12625pt x 384.43625pt>
File: Immagini/MF_ALL_THGEM_noBeam.pdf Graphic file (type pdf)
<use Immagini/MF_ALL_THGEM_noBeam.pdf>
Package pdftex.def Info: Immagini/MF_ALL_THGEM_noBeam.pdf  used on input line 6
90.
(pdftex.def)             Requested size: 360.0pt x 243.18747pt.
[28

] [29 <./Immagini/thgemScan_ROW_THGEM_10mbar.pdf, page is rotated 90 degrees> <
./Immagini/thgemScan_ROW_THGEM_30mbar_bis.pdf, page is rotated 90 degrees>]
[30 <./Immagini/MF_ROW_THGEM_noBeam.pdf, page is rotated 90 degrees> <./Immagin
i/MF_ALL_THGEM_noBeam.pdf, page is rotated 90 degrees>]
<Immagini/DriftScan_ROW_THGEM_30mbar.pdf, id=1476, 569.12625pt x 388.45125pt>
File: Immagini/DriftScan_ROW_THGEM_30mbar.pdf Graphic file (type pdf)
<use Immagini/DriftScan_ROW_THGEM_30mbar.pdf>
Package pdftex.def Info: Immagini/DriftScan_ROW_THGEM_30mbar.pdf  used on input
 line 740.
(pdftex.def)             Requested size: 345.60242pt x 235.89984pt.
<Immagini/DriftScan_ROW_THGEM_30mbar_bis.pdf, id=1477, 569.12625pt x 388.45125p
t>
File: Immagini/DriftScan_ROW_THGEM_30mbar_bis.pdf Graphic file (type pdf)
<use Immagini/DriftScan_ROW_THGEM_30mbar_bis.pdf>
Package pdftex.def Info: Immagini/DriftScan_ROW_THGEM_30mbar_bis.pdf  used on i
nput line 742.
(pdftex.def)             Requested size: 345.60242pt x 235.89984pt.
<Immagini/DriftScan_ROW_THGEM_20mbar.pdf, id=1480, 569.12625pt x 388.45125pt>
File: Immagini/DriftScan_ROW_THGEM_20mbar.pdf Graphic file (type pdf)
<use Immagini/DriftScan_ROW_THGEM_20mbar.pdf>
Package pdftex.def Info: Immagini/DriftScan_ROW_THGEM_20mbar.pdf  used on input
 line 752.
(pdftex.def)             Requested size: 345.60242pt x 235.89984pt.
<Immagini/DriftScan_ROW_THGEM_10mbar.pdf, id=1481, 569.12625pt x 386.44376pt>
File: Immagini/DriftScan_ROW_THGEM_10mbar.pdf Graphic file (type pdf)
<use Immagini/DriftScan_ROW_THGEM_10mbar.pdf>
Package pdftex.def Info: Immagini/DriftScan_ROW_THGEM_10mbar.pdf  used on input
 line 754.
(pdftex.def)             Requested size: 345.60242pt x 234.68074pt.
<Immagini/IBF_ALL_Comparison_nobeam.pdf, id=1483, 569.12625pt x 384.43625pt>
File: Immagini/IBF_ALL_Comparison_nobeam.pdf Graphic file (type pdf)
<use Immagini/IBF_ALL_Comparison_nobeam.pdf>
Package pdftex.def Info: Immagini/IBF_ALL_Comparison_nobeam.pdf  used on input 
line 766.
(pdftex.def)             Requested size: 323.9978pt x 218.86696pt.
<Immagini/IBF_ALL_Comparison_nobeam_F.pdf, id=1484, 569.12625pt x 384.43625pt>
File: Immagini/IBF_ALL_Comparison_nobeam_F.pdf Graphic file (type pdf)
<use Immagini/IBF_ALL_Comparison_nobeam_F.pdf>
Package pdftex.def Info: Immagini/IBF_ALL_Comparison_nobeam_F.pdf  used on inpu
t line 774.
(pdftex.def)             Requested size: 323.9978pt x 218.86696pt.
 [31

]

LaTeX Warning: Text page 32 contains only floats.


Overfull \vbox (1.49944pt too high) has occurred while \output is active []


[32 <./Immagini/DriftScan_ROW_THGEM_30mbar.pdf, page is rotated 90 degrees> <./
Immagini/DriftScan_ROW_THGEM_30mbar_bis.pdf, page is rotated 90 degrees>]

LaTeX Warning: Text page 33 contains only floats.

[33 <./Immagini/DriftScan_ROW_THGEM_20mbar.pdf, page is rotated 90 degrees> <./
Immagini/DriftScan_ROW_THGEM_10mbar.pdf, page is rotated 90 degrees>] [34 <./Im
magini/IBF_ALL_Comparison_nobeam.pdf, page is rotated 90 degrees> <./Immagini/I
BF_ALL_Comparison_nobeam_F.pdf, page is rotated 90 degrees>] [35

] [36

]

Package hyperref Warning: Token not allowed in a PDF string (PDFDocEncoding):
(hyperref)                removing `math shift' on input line 875.


Package hyperref Warning: Token not allowed in a PDF string (PDFDocEncoding):
(hyperref)                removing `\Delta' on input line 875.


Package hyperref Warning: Token not allowed in a PDF string (PDFDocEncoding):
(hyperref)                removing `subscript' on input line 875.


Package hyperref Warning: Token not allowed in a PDF string (PDFDocEncoding):
(hyperref)                removing `math shift' on input line 875.


LaTeX Warning: Reference `fig:thgem_FULLTHGEM_10mbar_bis' on page 37 undefined 
on input line 878.

<Immagini/thgemScan_THGEM10_60pA_10mbar.pdf, id=1781, 569.12625pt x 384.43625pt
>
File: Immagini/thgemScan_THGEM10_60pA_10mbar.pdf Graphic file (type pdf)
<use Immagini/thgemScan_THGEM10_60pA_10mbar.pdf>
Package pdftex.def Info: Immagini/thgemScan_THGEM10_60pA_10mbar.pdf  used on in
put line 885.
(pdftex.def)             Requested size: 345.60242pt x 233.46161pt.
<Immagini/thgemScan_THGEM10_400pA_10mbar.pdf, id=1782, 569.12625pt x 384.43625p
t>
File: Immagini/thgemScan_THGEM10_400pA_10mbar.pdf Graphic file (type pdf)
<use Immagini/thgemScan_THGEM10_400pA_10mbar.pdf>
Package pdftex.def Info: Immagini/thgemScan_THGEM10_400pA_10mbar.pdf  used on i
nput line 887.
(pdftex.def)             Requested size: 345.60242pt x 233.46161pt.
[37]

LaTeX Warning: Text page 38 contains only floats.

[38 <./Immagini/thgemScan_THGEM10_60pA_10mbar.pdf, page is rotated 90 degrees> 
<./Immagini/thgemScan_THGEM10_400pA_10mbar.pdf, page is rotated 90 degrees>]

Package hyperref Warning: Token not allowed in a PDF string (PDFDocEncoding):
(hyperref)                removing `math shift' on input line 894.


Package hyperref Warning: Token not allowed in a PDF string (PDFDocEncoding):
(hyperref)                removing `\Delta' on input line 894.


Package hyperref Warning: Token not allowed in a PDF string (PDFDocEncoding):
(hyperref)                removing `subscript' on input line 894.


Package hyperref Warning: Token not allowed in a PDF string (PDFDocEncoding):
(hyperref)                removing `math shift' on input line 894.


LaTeX Warning: Reference `fig:driftScan_THGEM10_alpha_10mbar' on page 39 undefi
ned on input line 898.

<Immagini/driftScan_THGEM10_60pA_10mbar.pdf, id=1882, 569.12625pt x 386.44376pt
>
File: Immagini/driftScan_THGEM10_60pA_10mbar.pdf Graphic file (type pdf)
<use Immagini/driftScan_THGEM10_60pA_10mbar.pdf>
Package pdftex.def Info: Immagini/driftScan_THGEM10_60pA_10mbar.pdf  used on in
put line 905.
(pdftex.def)             Requested size: 345.60242pt x 234.68074pt.
<Immagini/driftScan_THGEM10_400pA_10mbar.pdf, id=1883, 569.12625pt x 386.44376p
t>
File: Immagini/driftScan_THGEM10_400pA_10mbar.pdf Graphic file (type pdf)
<use Immagini/driftScan_THGEM10_400pA_10mbar.pdf>
Package pdftex.def Info: Immagini/driftScan_THGEM10_400pA_10mbar.pdf  used on i
nput line 906.
(pdftex.def)             Requested size: 345.60242pt x 234.68074pt.
<Immagini/IBFvsDrift_withBeam.pdf, id=1885, 569.12625pt x 386.44376pt>
File: Immagini/IBFvsDrift_withBeam.pdf Graphic file (type pdf)
<use Immagini/IBFvsDrift_withBeam.pdf>
Package pdftex.def Info: Immagini/IBFvsDrift_withBeam.pdf  used on input line 9
21.
(pdftex.def)             Requested size: 360.0pt x 244.45738pt.
<Immagini/IBFvsDrift_beam_alpha_average.pdf, id=1887, 569.12625pt x 384.43625pt
>
File: Immagini/IBFvsDrift_beam_alpha_average.pdf Graphic file (type pdf)
<use Immagini/IBFvsDrift_beam_alpha_average.pdf>
Package pdftex.def Info: Immagini/IBFvsDrift_beam_alpha_average.pdf  used on in
put line 942.
(pdftex.def)             Requested size: 360.0pt x 243.18747pt.

Underfull \hbox (badness 10000) in paragraph at lines 947--951

 []

<Immagini/IBFvsTHGEM_beam_alpha_zoom.pdf, id=1889, 569.12625pt x 384.43625pt>
File: Immagini/IBFvsTHGEM_beam_alpha_zoom.pdf Graphic file (type pdf)
<use Immagini/IBFvsTHGEM_beam_alpha_zoom.pdf>
Package pdftex.def Info: Immagini/IBFvsTHGEM_beam_alpha_zoom.pdf  used on input
 line 954.
(pdftex.def)             Requested size: 360.0pt x 243.18747pt.
<Immagini/IBFvsInd_beam.pdf, id=1891, 569.12625pt x 384.43625pt>
File: Immagini/IBFvsInd_beam.pdf Graphic file (type pdf)
<use Immagini/IBFvsInd_beam.pdf>
Package pdftex.def Info: Immagini/IBFvsInd_beam.pdf  used on input line 967.
(pdftex.def)             Requested size: 360.0pt x 243.18747pt.
<Immagini/IbeamScan_THGEM10_10mbar_average.pdf, id=1893, 569.12625pt x 384.4362
5pt>
File: Immagini/IbeamScan_THGEM10_10mbar_average.pdf Graphic file (type pdf)
<use Immagini/IbeamScan_THGEM10_10mbar_average.pdf>
Package pdftex.def Info: Immagini/IbeamScan_THGEM10_10mbar_average.pdf  used on
 input line 987.
(pdftex.def)             Requested size: 360.0pt x 243.18747pt.
[39

]

LaTeX Warning: Text page 40 contains only floats.

[40 <./Immagini/driftScan_THGEM10_60pA_10mbar.pdf, page is rotated 90 degrees> 
<./Immagini/driftScan_THGEM10_400pA_10mbar.pdf, page is rotated 90 degrees>]
[41 <./Immagini/IBFvsDrift_withBeam.pdf, page is rotated 90 degrees> <./Immagin
i/IBFvsDrift_beam_alpha_average.pdf, page is rotated 90 degrees>] [42 <./Immagi
ni/IBFvsTHGEM_beam_alpha_zoom.pdf, page is rotated 90 degrees> <./Immagini/IBFv
sInd_beam.pdf, page is rotated 90 degrees>] [43 <./Immagini/IbeamScan_THGEM10_1
0mbar_average.pdf, page is rotated 90 degrees>]

LaTeX Warning: Reference `' on page 44 undefined on input line 1014.

[44

]
<Immagini/thgemScan_THGEM10_20mbar-Vdrift1000V-2020-03-09.pdf, id=2232, 569.126
25pt x 384.43625pt>
File: Immagini/thgemScan_THGEM10_20mbar-Vdrift1000V-2020-03-09.pdf Graphic file
 (type pdf)
<use Immagini/thgemScan_THGEM10_20mbar-Vdrift1000V-2020-03-09.pdf>
Package pdftex.def Info: Immagini/thgemScan_THGEM10_20mbar-Vdrift1000V-2020-03-
09.pdf  used on input line 1027.
(pdftex.def)             Requested size: 360.0pt x 243.18747pt.
<Immagini/thgemScan_THGEM10_20mbar_109pA-Vdrift1000V-2020-03-09_logscale.pdf, i
d=2233, 569.12625pt x 385.44pt>
File: Immagini/thgemScan_THGEM10_20mbar_109pA-Vdrift1000V-2020-03-09_logscale.p
df Graphic file (type pdf)
<use Immagini/thgemScan_THGEM10_20mbar_109pA-Vdrift1000V-2020-03-09_logscale.pd
f>
Package pdftex.def Info: Immagini/thgemScan_THGEM10_20mbar_109pA-Vdrift1000V-20
20-03-09_logscale.pdf  used on input line 1034.
(pdftex.def)             Requested size: 360.0pt x 243.82242pt.
<Immagini/MF_FULL_THGEM_withBeam.pdf, id=2235, 569.12625pt x 384.43625pt>
File: Immagini/MF_FULL_THGEM_withBeam.pdf Graphic file (type pdf)
<use Immagini/MF_FULL_THGEM_withBeam.pdf>
Package pdftex.def Info: Immagini/MF_FULL_THGEM_withBeam.pdf  used on input lin
e 1042.
(pdftex.def)             Requested size: 360.0pt x 243.18747pt.
<Immagini/MF_FULL_THGEM_withBeam_F.pdf, id=2238, 569.12625pt x 384.43625pt>
File: Immagini/MF_FULL_THGEM_withBeam_F.pdf Graphic file (type pdf)
<use Immagini/MF_FULL_THGEM_withBeam_F.pdf>
Package pdftex.def Info: Immagini/MF_FULL_THGEM_withBeam_F.pdf  used on input l
ine 1054.
(pdftex.def)             Requested size: 360.0pt x 243.18747pt.
 [45

 <./Immagini/thgemScan_THGEM10_20mbar-Vdrift1000V-2020-03-09.pdf, page is rotat
ed 90 degrees>] [46 <./Immagini/thgemScan_THGEM10_20mbar_109pA-Vdrift1000V-2020
-03-09_logscale.pdf, page is rotated 90 degrees> <./Immagini/MF_FULL_THGEM_with
Beam.pdf, page is rotated 90 degrees>] [47 <./Immagini/MF_FULL_THGEM_withBeam_F
.pdf, page is rotated 90 degrees>]
<Immagini/driftScan_THGEM10_20mbar-Vthgem205V-2020-03-09.pdf, id=2430, 569.1262
5pt x 384.43625pt>
File: Immagini/driftScan_THGEM10_20mbar-Vthgem205V-2020-03-09.pdf Graphic file 
(type pdf)
<use Immagini/driftScan_THGEM10_20mbar-Vthgem205V-2020-03-09.pdf>
Package pdftex.def Info: Immagini/driftScan_THGEM10_20mbar-Vthgem205V-2020-03-0
9.pdf  used on input line 1068.
(pdftex.def)             Requested size: 341.9989pt x 231.0272pt.
<Immagini/IBF_FULL_Comparison.pdf, id=2432, 569.12625pt x 384.43625pt>
File: Immagini/IBF_FULL_Comparison.pdf Graphic file (type pdf)
<use Immagini/IBF_FULL_Comparison.pdf>
Package pdftex.def Info: Immagini/IBF_FULL_Comparison.pdf  used on input line 1
079.
(pdftex.def)             Requested size: 341.9989pt x 231.0272pt.
<Immagini/IBF_FULL_Comparison_F.pdf, id=2433, 569.12625pt x 384.43625pt>
File: Immagini/IBF_FULL_Comparison_F.pdf Graphic file (type pdf)
<use Immagini/IBF_FULL_Comparison_F.pdf>
Package pdftex.def Info: Immagini/IBF_FULL_Comparison_F.pdf  used on input line
 1086.
(pdftex.def)             Requested size: 341.9989pt x 231.0272pt.
 [48

 <./Immagini/driftScan_THGEM10_20mbar-Vthgem205V-2020-03-09.pdf, page is rotate
d 90 degrees>] [49 <./Immagini/IBF_FULL_Comparison.pdf, page is rotated 90 degr
ees> <./Immagini/IBF_FULL_Comparison_F.pdf, page is rotated 90 degrees>]
File: Immagini/IBF_FULL_Comparison_F.pdf Graphic file (type pdf)
<use Immagini/IBF_FULL_Comparison_F.pdf>
Package pdftex.def Info: Immagini/IBF_FULL_Comparison_F.pdf  used on input line
 1100.
(pdftex.def)             Requested size: 341.9989pt x 231.0272pt.
File: Immagini/IBF_FULL_Comparison_F.pdf Graphic file (type pdf)
<use Immagini/IBF_FULL_Comparison_F.pdf>
Package pdftex.def Info: Immagini/IBF_FULL_Comparison_F.pdf  used on input line
 1107.
(pdftex.def)             Requested size: 341.9989pt x 231.0272pt.
 [50

] [51]
<Immagini/thgemScan_ROW_THGEM_20mbar-Ibeam400pA-2020-03-10.pdf, id=2590, 569.12
625pt x 386.44376pt>
File: Immagini/thgemScan_ROW_THGEM_20mbar-Ibeam400pA-2020-03-10.pdf Graphic fil
e (type pdf)
<use Immagini/thgemScan_ROW_THGEM_20mbar-Ibeam400pA-2020-03-10.pdf>
Package pdftex.def Info: Immagini/thgemScan_ROW_THGEM_20mbar-Ibeam400pA-2020-03
-10.pdf  used on input line 1123.
(pdftex.def)             Requested size: 360.0pt x 244.45738pt.
<Immagini/thgemScan_ROW_THGEM_20mbar-Ibeam160pA-2020-03-10.pdf, id=2591, 569.12
625pt x 386.44376pt>
File: Immagini/thgemScan_ROW_THGEM_20mbar-Ibeam160pA-2020-03-10.pdf Graphic fil
e (type pdf)
<use Immagini/thgemScan_ROW_THGEM_20mbar-Ibeam160pA-2020-03-10.pdf>
Package pdftex.def Info: Immagini/thgemScan_ROW_THGEM_20mbar-Ibeam160pA-2020-03
-10.pdf  used on input line 1129.
(pdftex.def)             Requested size: 360.0pt x 244.45738pt.
<Immagini/MF_ROW_THGEM_withBeam.pdf, id=2593, 569.12625pt x 384.43625pt>
File: Immagini/MF_ROW_THGEM_withBeam.pdf Graphic file (type pdf)
<use Immagini/MF_ROW_THGEM_withBeam.pdf>
Package pdftex.def Info: Immagini/MF_ROW_THGEM_withBeam.pdf  used on input line
 1142.
(pdftex.def)             Requested size: 360.0pt x 243.18747pt.
<Immagini/MF_ALL_THGEM_withBeam.pdf, id=2595, 569.12625pt x 384.43625pt>
File: Immagini/MF_ALL_THGEM_withBeam.pdf Graphic file (type pdf)
<use Immagini/MF_ALL_THGEM_withBeam.pdf>
Package pdftex.def Info: Immagini/MF_ALL_THGEM_withBeam.pdf  used on input line
 1151.
(pdftex.def)             Requested size: 360.0pt x 243.18747pt.
<Immagini/MF_ROW_THGEM_withBeam_F.pdf, id=2597, 569.12625pt x 384.43625pt>
File: Immagini/MF_ROW_THGEM_withBeam_F.pdf Graphic file (type pdf)
<use Immagini/MF_ROW_THGEM_withBeam_F.pdf>
Package pdftex.def Info: Immagini/MF_ROW_THGEM_withBeam_F.pdf  used on input li
ne 1164.
(pdftex.def)             Requested size: 360.0pt x 243.18747pt.
 [52

 <./Immagini/thgemScan_ROW_THGEM_20mbar-Ibeam400pA-2020-03-10.pdf, page is rota
ted 90 degrees>] [53 <./Immagini/thgemScan_ROW_THGEM_20mbar-Ibeam160pA-2020-03-
10.pdf, page is rotated 90 degrees> <./Immagini/MF_ROW_THGEM_withBeam.pdf, page
 is rotated 90 degrees>]
[54 <./Immagini/MF_ALL_THGEM_withBeam.pdf, page is rotated 90 degrees> <./Immag
ini/MF_ROW_THGEM_withBeam_F.pdf, page is rotated 90 degrees>]
<Immagini/driftScan_ROW_THGEM_20mbar-Ibeam400pA-2020-03-10_2.pdf, id=2834, 569.
12625pt x 386.44376pt>
File: Immagini/driftScan_ROW_THGEM_20mbar-Ibeam400pA-2020-03-10_2.pdf Graphic f
ile (type pdf)
<use Immagini/driftScan_ROW_THGEM_20mbar-Ibeam400pA-2020-03-10_2.pdf>
Package pdftex.def Info: Immagini/driftScan_ROW_THGEM_20mbar-Ibeam400pA-2020-03
-10_2.pdf  used on input line 1179.
(pdftex.def)             Requested size: 288.0011pt x 195.56236pt.
<Immagini/driftScan_ROW_THGEM_comp.pdf, id=2837, 569.12625pt x 384.43625pt>
File: Immagini/driftScan_ROW_THGEM_comp.pdf Graphic file (type pdf)
<use Immagini/driftScan_ROW_THGEM_comp.pdf>
Package pdftex.def Info: Immagini/driftScan_ROW_THGEM_comp.pdf  used on input l
ine 1193.
(pdftex.def)             Requested size: 288.0011pt x 194.54645pt.
<Immagini/driftScan_ROW_THGEM_comp_F.pdf, id=2838, 569.12625pt x 384.43625pt>
File: Immagini/driftScan_ROW_THGEM_comp_F.pdf Graphic file (type pdf)
<use Immagini/driftScan_ROW_THGEM_comp_F.pdf>
Package pdftex.def Info: Immagini/driftScan_ROW_THGEM_comp_F.pdf  used on input
 line 1201.
(pdftex.def)             Requested size: 288.0011pt x 194.54645pt.
<Immagini/IBF_ROW_Comparison_1.pdf, id=2841, 569.12625pt x 384.43625pt>
File: Immagini/IBF_ROW_Comparison_1.pdf Graphic file (type pdf)
<use Immagini/IBF_ROW_Comparison_1.pdf>
Package pdftex.def Info: Immagini/IBF_ROW_Comparison_1.pdf  used on input line 
1211.
(pdftex.def)             Requested size: 360.0pt x 243.18747pt.
<Immagini/IBF_ROW_Comparison_F_1.pdf, id=2842, 569.12625pt x 384.43625pt>
File: Immagini/IBF_ROW_Comparison_F_1.pdf Graphic file (type pdf)
<use Immagini/IBF_ROW_Comparison_F_1.pdf>
Package pdftex.def Info: Immagini/IBF_ROW_Comparison_F_1.pdf  used on input lin
e 1218.
(pdftex.def)             Requested size: 360.0pt x 243.18747pt.
 [55

 <./Immagini/driftScan_ROW_THGEM_20mbar-Ibeam400pA-2020-03-10_2.pdf, page is ro
tated 90 degrees>] [56 <./Immagini/driftScan_ROW_THGEM_comp.pdf, page is rotate
d 90 degrees> <./Immagini/driftScan_ROW_THGEM_comp_F.pdf, page is rotated 90 de
grees>]
[57 <./Immagini/IBF_ROW_Comparison_1.pdf, page is rotated 90 degrees> <./Immagi
ni/IBF_ROW_Comparison_F_1.pdf, page is rotated 90 degrees>]
<Immagini/rateScan_ROW_THGEM_Vdrift1000_2020-03-10.pdf, id=3077, 569.12625pt x 
386.44376pt>
File: Immagini/rateScan_ROW_THGEM_Vdrift1000_2020-03-10.pdf Graphic file (type 
pdf)
<use Immagini/rateScan_ROW_THGEM_Vdrift1000_2020-03-10.pdf>
Package pdftex.def Info: Immagini/rateScan_ROW_THGEM_Vdrift1000_2020-03-10.pdf 
 used on input line 1230.
(pdftex.def)             Requested size: 360.0pt x 244.45738pt.
<Immagini/rateScan_ROW_THGEM_Vdrift400_2020-03-10.pdf, id=3078, 569.12625pt x 3
86.44376pt>
File: Immagini/rateScan_ROW_THGEM_Vdrift400_2020-03-10.pdf Graphic file (type p
df)
<use Immagini/rateScan_ROW_THGEM_Vdrift400_2020-03-10.pdf>
Package pdftex.def Info: Immagini/rateScan_ROW_THGEM_Vdrift400_2020-03-10.pdf  
used on input line 1237.
(pdftex.def)             Requested size: 360.0pt x 244.45738pt.
 [58

 <./Immagini/rateScan_ROW_THGEM_Vdrift1000_2020-03-10.pdf, page is rotated 90 d
egrees>]
[59 <./Immagini/rateScan_ROW_THGEM_Vdrift400_2020-03-10.pdf, page is rotated 90
 degrees>]

Package hyperref Warning: Token not allowed in a PDF string (PDFDocEncoding):
(hyperref)                removing `math shift' on input line 1286.


Package hyperref Warning: Token not allowed in a PDF string (PDFDocEncoding):
(hyperref)                removing `superscript' on input line 1286.


Package hyperref Warning: Token not allowed in a PDF string (PDFDocEncoding):
(hyperref)                removing `math shift' on input line 1286.


Underfull \hbox (badness 10000) in paragraph at lines 1287--1292

 []

Package atveryend Info: Empty hook `BeforeClearDocument' on input line 1297.
[60

]
Package atveryend Info: Empty hook `AfterLastShipout' on input line 1297.
 (./report_THGEM_v2.aux)
Package atveryend Info: Executing hook `AtVeryEndDocument' on input line 1297.
Package atveryend Info: Executing hook `AtEndAfterFileList' on input line 1297.

Package rerunfilecheck Info: File `report_THGEM_v2.out' has not changed.
(rerunfilecheck)             Checksum: 28728D23137E0A54FEF3D379BDFD954A;1210.


LaTeX Warning: There were undefined references.


LaTeX Warning: There were multiply-defined labels.

Package atveryend Info: Empty hook `AtVeryVeryEnd' on input line 1297.
 ) 
Here is how much of TeX's memory you used:
 9161 strings out of 494880
 152545 string characters out of 6179600
 245244 words of memory out of 5000000
 12128 multiletter control sequences out of 15000+600000
 13705 words of font info for 49 fonts, out of 8000000 for 9000
 36 hyphenation exceptions out of 8191
 36i,11n,39p,436b,361s stack positions out of 5000i,500n,10000p,200000b,80000s
</usr/share/texlive/texmf-dist/fonts/type1/public/amsfonts/cm/cmbx10.pfb></us
r/share/texlive/texmf-dist/fonts/type1/public/amsfonts/cm/cmbx12.pfb></usr/shar
e/texlive/texmf-dist/fonts/type1/public/amsfonts/cm/cmmi10.pfb></usr/share/texl
ive/texmf-dist/fonts/type1/public/amsfonts/cm/cmmi12.pfb></usr/share/texlive/te
xmf-dist/fonts/type1/public/amsfonts/cm/cmmi6.pfb></usr/share/texlive/texmf-dis
t/fonts/type1/public/amsfonts/cm/cmmi8.pfb></usr/share/texlive/texmf-dist/fonts
/type1/public/amsfonts/cm/cmmi9.pfb></usr/share/texlive/texmf-dist/fonts/type1/
public/amsfonts/cm/cmr10.pfb></usr/share/texlive/texmf-dist/fonts/type1/public/
amsfonts/cm/cmr12.pfb></usr/share/texlive/texmf-dist/fonts/type1/public/amsfont
s/cm/cmr6.pfb></usr/share/texlive/texmf-dist/fonts/type1/public/amsfonts/cm/cmr
8.pfb></usr/share/texlive/texmf-dist/fonts/type1/public/amsfonts/cm/cmr9.pfb></
usr/share/texlive/texmf-dist/fonts/type1/public/amsfonts/cm/cmsy10.pfb></usr/sh
are/texlive/texmf-dist/fonts/type1/public/amsfonts/cm/cmsy8.pfb></usr/share/tex
live/texmf-dist/fonts/type1/public/amsfonts/cm/cmsy9.pfb></usr/share/texlive/te
xmf-dist/fonts/type1/public/amsfonts/cm/cmti10.pfb>
Output written on report_THGEM_v2.pdf (61 pages, 8085109 bytes).
PDF statistics:
 3276 PDF objects out of 3580 (max. 8388607)
 1636 compressed objects within 17 object streams
 185 named destinations out of 1000 (max. 500000)
 498 words of extra memory for PDF output out of 10000 (max. 10000000)

